<?xml version="1.0" encoding="UTF-8"?>
<testsuite name="database.integration.controller.CategoryControllerIT" tests="6" skipped="0" failures="0" errors="0" timestamp="2024-04-05T16:23:45" hostname="LOCALHOST" time="0.911">
  <properties/>
  <testcase name="create()" classname="database.integration.controller.CategoryControllerIT" time="0.542"/>
  <testcase name="registration()" classname="database.integration.controller.CategoryControllerIT" time="0.235"/>
  <testcase name="delete()" classname="database.integration.controller.CategoryControllerIT" time="0.002"/>
  <testcase name="findAll()" classname="database.integration.controller.CategoryControllerIT" time="0.093"/>
  <testcase name="update()" classname="database.integration.controller.CategoryControllerIT" time="0.024"/>
  <testcase name="findById()" classname="database.integration.controller.CategoryControllerIT" time="0.01"/>
  <system-out><![CDATA[
  .   ____          _            __ _ _
 /\\ / ___'_ __ _ _(_)_ __  __ _ \ \ \ \
( ( )\___ | '_ | '_| | '_ \/ _` | \ \ \ \
 \\/  ___)| |_)| | | | | || (_| |  ) ) ) )
  '  |____| .__|_| |_|_| |_\__, | / / / /
 =========|_|==============|___/=/_/_/_/
 :: Spring Boot ::                (v3.1.0)

Hibernate: 
    insert 
    into
        category
        (category_name) 
    values
        (?)
2024-04-05T19:23:46.449+03:00  INFO 14360 --- [    Test worker] by.service.CategoryService               : Attempt to save fromCategoryDtoToCategory object in method save()
2024-04-05T19:23:46.721+03:00  INFO 14360 --- [    Test worker] by.service.CategoryService               : Attempt to extract categoryDto collection in method findAll()
Hibernate: 
    select
        c1_0.id,
        c1_0.category_name 
    from
        category c1_0
2024-04-05T19:23:46.815+03:00  INFO 14360 --- [    Test worker] by.service.CategoryService               : Attempt to update name by id for object Category in method updateName()
Hibernate: 
    select
        c1_0.id,
        c1_0.category_name 
    from
        category c1_0 
    where
        c1_0.id=?
Hibernate: 
    insert 
    into
        category
        (category_name) 
    values
        (?)
2024-04-05T19:23:46.838+03:00  INFO 14360 --- [    Test worker] by.service.CategoryService               : Attempt to extract categoryDto object in method findById()
Hibernate: 
    select
        c1_0.id,
        c1_0.category_name 
    from
        category c1_0 
    where
        c1_0.id=?
]]></system-out>
  <system-err><![CDATA[]]></system-err>
</testsuite>
