<?xml version="1.0" encoding="UTF-8"?>
<testsuite name="database.integration.controller.LoginControllerIT" tests="3" skipped="0" failures="0" errors="0" timestamp="2024-04-05T16:23:46" hostname="LOCALHOST" time="0.033">
  <properties/>
  <testcase name="loginPage()" classname="database.integration.controller.LoginControllerIT" time="0.007"/>
  <testcase name="logout()" classname="database.integration.controller.LoginControllerIT" time="0.005"/>
  <testcase name="login()" classname="database.integration.controller.LoginControllerIT" time="0.019"/>
  <system-out><![CDATA[Hibernate: 
    select
        u1_0.id,
        u1_0.birthday,
        u1_0.image,
        u1_0.name,
        u1_0.password,
        u1_0.status 
    from
        users u1_0 
    where
        u1_0.password=?
2024-04-05T19:23:47.022+03:00  INFO 14360 --- [    Test worker] by.service.UserService                   : The User with name Imir was login
]]></system-out>
  <system-err><![CDATA[]]></system-err>
</testsuite>
