<?xml version="1.0" encoding="UTF-8"?>
<testsuite name="database.integration.repository.CategoryRepositoryTest" tests="5" skipped="0" failures="0" errors="0" timestamp="2024-04-05T16:23:48" hostname="LOCALHOST" time="0.044">
  <properties/>
  <testcase name="delete()" classname="database.integration.repository.CategoryRepositoryTest" time="0.011"/>
  <testcase name="findAll()" classname="database.integration.repository.CategoryRepositoryTest" time="0.005"/>
  <testcase name="update()" classname="database.integration.repository.CategoryRepositoryTest" time="0.018"/>
  <testcase name="findById()" classname="database.integration.repository.CategoryRepositoryTest" time="0.003"/>
  <testcase name="save()" classname="database.integration.repository.CategoryRepositoryTest" time="0.004"/>
  <system-out><![CDATA[
  .   ____          _            __ _ _
 /\\ / ___'_ __ _ _(_)_ __  __ _ \ \ \ \
( ( )\___ | '_ | '_| | '_ \/ _` | \ \ \ \
 \\/  ___)| |_)| | | | | || (_| |  ) ) ) )
  '  |____| .__|_| |_|_| |_\__, | / / / /
 =========|_|==============|___/=/_/_/_/
 :: Spring Boot ::                (v3.1.0)

Hibernate: 
    select
        c1_0.id,
        c1_0.category_name 
    from
        category c1_0 
    where
        c1_0.id=?
Hibernate: 
    select
        c1_0.id,
        c1_0.category_name 
    from
        category c1_0
Category(id=1, categoryName=Питьевая вода)
Category(id=2, categoryName=Конфеты)
Category(id=3, categoryName=Мясо)
Category(id=4, categoryName=Unknown)
Category(id=5, categoryName=categoryName1)
Category(id=6, categoryName= медь)
Hibernate: 
    update
        category 
    set
        category_name=? 
    where
        id=?
Hibernate: 
    select
        c1_0.id,
        c1_0.category_name 
    from
        category c1_0 
    where
        c1_0.id=?
Hibernate: 
    select
        c1_0.id,
        c1_0.category_name 
    from
        category c1_0 
    where
        c1_0.id=?
Category(id=2, categoryName=Конфеты) method FindById()
Hibernate: 
    insert 
    into
        category
        (category_name) 
    values
        (?)
]]></system-out>
  <system-err><![CDATA[]]></system-err>
</testsuite>
