<?xml version="1.0" encoding="UTF-8"?>
<testsuite name="database.integration.repository.SupplierRepositoryTest" tests="7" skipped="0" failures="0" errors="0" timestamp="2024-04-05T16:23:48" hostname="LOCALHOST" time="0.03">
  <properties/>
  <testcase name="delete()" classname="database.integration.repository.SupplierRepositoryTest" time="0.004"/>
  <testcase name="findAll()" classname="database.integration.repository.SupplierRepositoryTest" time="0.003"/>
  <testcase name="update()" classname="database.integration.repository.SupplierRepositoryTest" time="0.004"/>
  <testcase name="findById()" classname="database.integration.repository.SupplierRepositoryTest" time="0.002"/>
  <testcase name="listPhoneNumbers()" classname="database.integration.repository.SupplierRepositoryTest" time="0.004"/>
  <testcase name="save()" classname="database.integration.repository.SupplierRepositoryTest" time="0.003"/>
  <testcase name="listEmailAndPhoneNumbers()" classname="database.integration.repository.SupplierRepositoryTest" time="0.005"/>
  <system-out><![CDATA[Hibernate: 
    select
        s1_0.id,
        s1_0.address,
        s1_0.e_mail,
        s1_0.name,
        s1_0.phone_number 
    from
        suppliers s1_0 
    where
        s1_0.id=?
2024-04-05T19:23:48.601+03:00  WARN 14360 --- [    Test worker] d.i.repository.SupplierRepositoryTest    : Object was deleted in method delete()
Hibernate: 
    select
        s1_0.id,
        s1_0.address,
        s1_0.e_mail,
        s1_0.name,
        s1_0.phone_number 
    from
        suppliers s1_0
Hibernate: 
    update
        suppliers 
    set
        e_mail=? 
    where
        id=?
Hibernate: 
    select
        s1_0.id,
        s1_0.address,
        s1_0.e_mail,
        s1_0.name,
        s1_0.phone_number 
    from
        suppliers s1_0 
    where
        s1_0.id=?
Hibernate: 
    select
        s1_0.id,
        s1_0.address,
        s1_0.e_mail,
        s1_0.name,
        s1_0.phone_number 
    from
        suppliers s1_0 
    where
        s1_0.id=?
Hibernate: 
    select
        s1_0.phone_number 
    from
        suppliers s1_0 
    order by
        s1_0.phone_number
1-111-111-11-99
8-455-876-23-21
8-988-342-65-11
8-988-342-65-11
8-988-342-65-98
Hibernate: 
    insert 
    into
        suppliers
        (address,e_mail,name,phone_number) 
    values
        (?,?,?,?)
Hibernate: 
    select
        s1_0.e_mail,
        s1_0.phone_number 
    from
        suppliers s1_0 
    order by
        s1_0.e_mail
beak@gmail.com
horn@gmail.com
horn@gmail.com
horn@gmail.com
nose@yandex.ru
1-111-111-11-99
8-988-342-65-98
8-988-342-65-11
8-988-342-65-11
8-455-876-23-21
]]></system-out>
  <system-err><![CDATA[]]></system-err>
</testsuite>
