<?xml version="1.0" encoding="UTF-8"?>
<testsuite name="database.integration.repository.ProductRepositoryTest" tests="5" skipped="0" failures="0" errors="0" timestamp="2024-04-05T16:23:48" hostname="LOCALHOST" time="0.082">
  <properties/>
  <testcase name="delete()" classname="database.integration.repository.ProductRepositoryTest" time="0.005"/>
  <testcase name="findAll()" classname="database.integration.repository.ProductRepositoryTest" time="0.053"/>
  <testcase name="update()" classname="database.integration.repository.ProductRepositoryTest" time="0.011"/>
  <testcase name="findById()" classname="database.integration.repository.ProductRepositoryTest" time="0.004"/>
  <testcase name="save()" classname="database.integration.repository.ProductRepositoryTest" time="0.005"/>
  <system-out><![CDATA[Hibernate: 
    select
        p1_0.id,
        c1_0.id,
        c1_0.category_name,
        p1_0.count,
        p1_0.name,
        p1_0.price_for_one,
        s1_0.id,
        s1_0.address,
        s1_0.e_mail,
        s1_0.name,
        s1_0.phone_number 
    from
        products p1_0 
    left join
        category c1_0 
            on c1_0.id=p1_0.category_id 
    left join
        suppliers s1_0 
            on s1_0.id=p1_0.supplier_id 
    where
        p1_0.id=?
Hibernate: 
    select
        p1_0.id,
        c1_0.id,
        c1_0.category_name,
        p1_0.count,
        p1_0.name,
        p1_0.price_for_one,
        s1_0.id,
        s1_0.address,
        s1_0.e_mail,
        s1_0.name,
        s1_0.phone_number 
    from
        products p1_0 
    left join
        category c1_0 
            on c1_0.id=p1_0.category_id 
    left join
        suppliers s1_0 
            on s1_0.id=p1_0.supplier_id 
    where
        p1_0.id=?
2024-04-05T19:23:48.459+03:00  WARN 14360 --- [    Test worker] ProductsDaoTest                          : Object was deleted in method delete():Optional.empty
Hibernate: 
    select
        p1_0.id,
        p1_0.category_id,
        p1_0.count,
        p1_0.name,
        p1_0.price_for_one,
        p1_0.supplier_id 
    from
        products p1_0
Hibernate: 
    select
        c1_0.id,
        c1_0.category_name 
    from
        category c1_0 
    where
        c1_0.id=?
Hibernate: 
    select
        s1_0.id,
        s1_0.address,
        s1_0.e_mail,
        s1_0.name,
        s1_0.phone_number 
    from
        suppliers s1_0 
    where
        s1_0.id=?
Hibernate: 
    select
        c1_0.id,
        c1_0.category_name 
    from
        category c1_0 
    where
        c1_0.id=?
Hibernate: 
    select
        s1_0.id,
        s1_0.address,
        s1_0.e_mail,
        s1_0.name,
        s1_0.phone_number 
    from
        suppliers s1_0 
    where
        s1_0.id=?
Hibernate: 
    select
        c1_0.id,
        c1_0.category_name 
    from
        category c1_0 
    where
        c1_0.id=?
Hibernate: 
    update
        products 
    set
        price_for_one=? 
    where
        id=?
Hibernate: 
    select
        p1_0.id,
        c1_0.id,
        c1_0.category_name,
        p1_0.count,
        p1_0.name,
        p1_0.price_for_one,
        s1_0.id,
        s1_0.address,
        s1_0.e_mail,
        s1_0.name,
        s1_0.phone_number 
    from
        products p1_0 
    left join
        category c1_0 
            on c1_0.id=p1_0.category_id 
    left join
        suppliers s1_0 
            on s1_0.id=p1_0.supplier_id 
    where
        p1_0.id=?
Hibernate: 
    select
        p1_0.id,
        c1_0.id,
        c1_0.category_name,
        p1_0.count,
        p1_0.name,
        p1_0.price_for_one,
        s1_0.id,
        s1_0.address,
        s1_0.e_mail,
        s1_0.name,
        s1_0.phone_number 
    from
        products p1_0 
    left join
        category c1_0 
            on c1_0.id=p1_0.category_id 
    left join
        suppliers s1_0 
            on s1_0.id=p1_0.supplier_id 
    where
        p1_0.id=?
Hibernate: 
    select
        c1_0.id,
        c1_0.category_name 
    from
        category c1_0 
    where
        c1_0.id=?
Hibernate: 
    select
        s1_0.id,
        s1_0.address,
        s1_0.e_mail,
        s1_0.name,
        s1_0.phone_number 
    from
        suppliers s1_0 
    where
        s1_0.id=?
Hibernate: 
    insert 
    into
        products
        (category_id,count,name,price_for_one,supplier_id) 
    values
        (?,?,?,?,?)
]]></system-out>
  <system-err><![CDATA[]]></system-err>
</testsuite>
