<?xml version="1.0" encoding="UTF-8"?>
<testsuite name="database.integration.service.CategoryServiceIT" tests="5" skipped="0" failures="0" errors="0" timestamp="2024-04-05T16:23:48" hostname="LOCALHOST" time="0.015">
  <properties/>
  <testcase name="findAll()" classname="database.integration.service.CategoryServiceIT" time="0.004"/>
  <testcase name="findById()" classname="database.integration.service.CategoryServiceIT" time="0.002"/>
  <testcase name="updateName()" classname="database.integration.service.CategoryServiceIT" time="0.001"/>
  <testcase name="save()" classname="database.integration.service.CategoryServiceIT" time="0.003"/>
  <testcase name="deleteById()" classname="database.integration.service.CategoryServiceIT" time="0.002"/>
  <system-out><![CDATA[2024-04-05T19:23:48.668+03:00  INFO 14360 --- [    Test worker] by.service.CategoryService               : Attempt to extract categoryDto collection in method findAll()
Hibernate: 
    select
        c1_0.id,
        c1_0.category_name 
    from
        category c1_0
CategoryDto(id=1, categoryName=Питьевая вода)
CategoryDto(id=2, categoryName=Конфеты)
CategoryDto(id=3, categoryName=Мясо)
CategoryDto(id=4, categoryName=Unknown)
CategoryDto(id=5, categoryName=categoryName1)
CategoryDto(id=6, categoryName= медь)
2024-04-05T19:23:48.673+03:00  INFO 14360 --- [    Test worker] by.service.CategoryService               : Attempt to extract categoryDto object in method findById()
Hibernate: 
    select
        c1_0.id,
        c1_0.category_name 
    from
        category c1_0 
    where
        c1_0.id=?
Optional[CategoryDto(id=1, categoryName=Питьевая вода)]
Hibernate: 
    insert 
    into
        category
        (category_name) 
    values
        (?)
2024-04-05T19:23:48.679+03:00  INFO 14360 --- [    Test worker] by.service.CategoryService               : Attempt to save fromCategoryDtoToCategory object in method save()
]]></system-out>
  <system-err><![CDATA[]]></system-err>
</testsuite>
