<?xml version="1.0" encoding="UTF-8"?>
<testsuite name="database.integration.repository.SaleRepositoryTest" tests="5" skipped="0" failures="0" errors="0" timestamp="2024-04-05T16:23:48" hostname="LOCALHOST" time="0.032">
  <properties/>
  <testcase name="delete()" classname="database.integration.repository.SaleRepositoryTest" time="0.005"/>
  <testcase name="findAll()" classname="database.integration.repository.SaleRepositoryTest" time="0.01"/>
  <testcase name="update()" classname="database.integration.repository.SaleRepositoryTest" time="0.006"/>
  <testcase name="findById()" classname="database.integration.repository.SaleRepositoryTest" time="0.004"/>
  <testcase name="save()" classname="database.integration.repository.SaleRepositoryTest" time="0.005"/>
  <system-out><![CDATA[Hibernate: 
    select
        s1_0.id,
        s1_0.count,
        s1_0.date_sales,
        e1_0.id,
        e1_0.address,
        e1_0.date_birth,
        e1_0.last_name,
        e1_0.middle_name,
        e1_0.name,
        e1_0.phone_number,
        r1_0.id,
        r1_0.rank_name,
        r1_0.salary,
        p1_0.id,
        c1_0.id,
        c1_0.category_name,
        p1_0.count,
        p1_0.name,
        p1_0.price_for_one,
        s2_0.id,
        s2_0.address,
        s2_0.e_mail,
        s2_0.name,
        s2_0.phone_number 
    from
        sales s1_0 
    left join
        employees e1_0 
            on e1_0.id=s1_0.employee_id 
    left join
        ranks r1_0 
            on r1_0.id=e1_0.rank_id 
    left join
        products p1_0 
            on p1_0.id=s1_0.product_id 
    left join
        category c1_0 
            on c1_0.id=p1_0.category_id 
    left join
        suppliers s2_0 
            on s2_0.id=p1_0.supplier_id 
    where
        s1_0.id=?
Hibernate: 
    select
        s1_0.id,
        s1_0.count,
        s1_0.date_sales,
        s1_0.employee_id,
        s1_0.product_id 
    from
        sales s1_0
Hibernate: 
    select
        e1_0.id,
        e1_0.address,
        e1_0.date_birth,
        e1_0.last_name,
        e1_0.middle_name,
        e1_0.name,
        e1_0.phone_number,
        r1_0.id,
        r1_0.rank_name,
        r1_0.salary 
    from
        employees e1_0 
    left join
        ranks r1_0 
            on r1_0.id=e1_0.rank_id 
    where
        e1_0.id=?
Hibernate: 
    select
        p1_0.id,
        c1_0.id,
        c1_0.category_name,
        p1_0.count,
        p1_0.name,
        p1_0.price_for_one,
        s1_0.id,
        s1_0.address,
        s1_0.e_mail,
        s1_0.name,
        s1_0.phone_number 
    from
        products p1_0 
    left join
        category c1_0 
            on c1_0.id=p1_0.category_id 
    left join
        suppliers s1_0 
            on s1_0.id=p1_0.supplier_id 
    where
        p1_0.id=?
Hibernate: 
    select
        e1_0.id,
        e1_0.address,
        e1_0.date_birth,
        e1_0.last_name,
        e1_0.middle_name,
        e1_0.name,
        e1_0.phone_number,
        r1_0.id,
        r1_0.rank_name,
        r1_0.salary 
    from
        employees e1_0 
    left join
        ranks r1_0 
            on r1_0.id=e1_0.rank_id 
    where
        e1_0.id=?
Hibernate: 
    select
        p1_0.id,
        c1_0.id,
        c1_0.category_name,
        p1_0.count,
        p1_0.name,
        p1_0.price_for_one,
        s1_0.id,
        s1_0.address,
        s1_0.e_mail,
        s1_0.name,
        s1_0.phone_number 
    from
        products p1_0 
    left join
        category c1_0 
            on c1_0.id=p1_0.category_id 
    left join
        suppliers s1_0 
            on s1_0.id=p1_0.supplier_id 
    where
        p1_0.id=?
Hibernate: 
    select
        e1_0.id,
        e1_0.address,
        e1_0.date_birth,
        e1_0.last_name,
        e1_0.middle_name,
        e1_0.name,
        e1_0.phone_number,
        r1_0.id,
        r1_0.rank_name,
        r1_0.salary 
    from
        employees e1_0 
    left join
        ranks r1_0 
            on r1_0.id=e1_0.rank_id 
    where
        e1_0.id=?
Hibernate: 
    select
        p1_0.id,
        c1_0.id,
        c1_0.category_name,
        p1_0.count,
        p1_0.name,
        p1_0.price_for_one,
        s1_0.id,
        s1_0.address,
        s1_0.e_mail,
        s1_0.name,
        s1_0.phone_number 
    from
        products p1_0 
    left join
        category c1_0 
            on c1_0.id=p1_0.category_id 
    left join
        suppliers s1_0 
            on s1_0.id=p1_0.supplier_id 
    where
        p1_0.id=?
Sale(id=1, product=Product(id=1, supplier=Supplier(id=1, name=Horns&&Hoofs, address=Perm, commi 35, email=horn@gmail.com, phoneNumber=8-988-342-65-98), name=Шоколад, count=5000, priceForOne=150, category=Category(id=2, categoryName=Конфеты)), count=24, employee=Employee(id=1, lastName=Ivanov, name=Oleg, middleName=Ivanovich, dateBirth=1992-11-21, phoneNumber=8-911-432-89-61, address=Moskow, Novyi Arbat 22, kv.2555, rank=Rank(id=1, rankName=MANAGER, salary=80000)), dateSales=2022-05-22)
Sale(id=2, product=Product(id=2, supplier=Supplier(id=1, name=Horns&&Hoofs, address=Perm, commi 35, email=horn@gmail.com, phoneNumber=8-988-342-65-98), name=horns, count=700, priceForOne=100, category=Category(id=1, categoryName=Питьевая вода)), count=125, employee=Employee(id=3, lastName=Eванов, name=Сергей, middleName=Вадимович, dateBirth=1990-05-17, phoneNumber=8-933-555-55-55, address=Владивосток, Красная 54, кв.3421, rank=Rank(id=1, rankName=MANAGER, salary=80000)), dateSales=2022-06-10)
Sale(id=3, product=Product(id=3, supplier=Supplier(id=3, name=Noses&&Tails, address=Kitezh, email=nose@yandex.ru, phoneNumber=8-455-876-23-21), name=Мясо, count=125, priceForOne=500, category=Category(id=3, categoryName=Мясо)), count=77, employee=Employee(id=2, lastName=Sergeev, name=Kirill, middleName=Antonovich, dateBirth=1994-09-11, phoneNumber=8-925-444-89-17, address=Moskow, Komissarov 125, kv.800, rank=Rank(id=2, rankName=EMPLOYEE, salary=50000)), dateSales=2022-07-11)
Hibernate: 
    update
        sales 
    set
        count=? 
    where
        id=?
Hibernate: 
    select
        s1_0.id,
        s1_0.count,
        s1_0.date_sales,
        e1_0.id,
        e1_0.address,
        e1_0.date_birth,
        e1_0.last_name,
        e1_0.middle_name,
        e1_0.name,
        e1_0.phone_number,
        r1_0.id,
        r1_0.rank_name,
        r1_0.salary,
        p1_0.id,
        c1_0.id,
        c1_0.category_name,
        p1_0.count,
        p1_0.name,
        p1_0.price_for_one,
        s2_0.id,
        s2_0.address,
        s2_0.e_mail,
        s2_0.name,
        s2_0.phone_number 
    from
        sales s1_0 
    left join
        employees e1_0 
            on e1_0.id=s1_0.employee_id 
    left join
        ranks r1_0 
            on r1_0.id=e1_0.rank_id 
    left join
        products p1_0 
            on p1_0.id=s1_0.product_id 
    left join
        category c1_0 
            on c1_0.id=p1_0.category_id 
    left join
        suppliers s2_0 
            on s2_0.id=p1_0.supplier_id 
    where
        s1_0.id=?
Hibernate: 
    select
        s1_0.id,
        s1_0.count,
        s1_0.date_sales,
        e1_0.id,
        e1_0.address,
        e1_0.date_birth,
        e1_0.last_name,
        e1_0.middle_name,
        e1_0.name,
        e1_0.phone_number,
        r1_0.id,
        r1_0.rank_name,
        r1_0.salary,
        p1_0.id,
        c1_0.id,
        c1_0.category_name,
        p1_0.count,
        p1_0.name,
        p1_0.price_for_one,
        s2_0.id,
        s2_0.address,
        s2_0.e_mail,
        s2_0.name,
        s2_0.phone_number 
    from
        sales s1_0 
    left join
        employees e1_0 
            on e1_0.id=s1_0.employee_id 
    left join
        ranks r1_0 
            on r1_0.id=e1_0.rank_id 
    left join
        products p1_0 
            on p1_0.id=s1_0.product_id 
    left join
        category c1_0 
            on c1_0.id=p1_0.category_id 
    left join
        suppliers s2_0 
            on s2_0.id=p1_0.supplier_id 
    where
        s1_0.id=?
Hibernate: 
    select
        e1_0.id,
        e1_0.address,
        e1_0.date_birth,
        e1_0.last_name,
        e1_0.middle_name,
        e1_0.name,
        e1_0.phone_number,
        r1_0.id,
        r1_0.rank_name,
        r1_0.salary 
    from
        employees e1_0 
    left join
        ranks r1_0 
            on r1_0.id=e1_0.rank_id 
    where
        e1_0.id=?
Hibernate: 
    select
        p1_0.id,
        c1_0.id,
        c1_0.category_name,
        p1_0.count,
        p1_0.name,
        p1_0.price_for_one,
        s1_0.id,
        s1_0.address,
        s1_0.e_mail,
        s1_0.name,
        s1_0.phone_number 
    from
        products p1_0 
    left join
        category c1_0 
            on c1_0.id=p1_0.category_id 
    left join
        suppliers s1_0 
            on s1_0.id=p1_0.supplier_id 
    where
        p1_0.id=?
Hibernate: 
    insert 
    into
        sales
        (count,date_sales,employee_id,product_id) 
    values
        (?,?,?,?)
]]></system-out>
  <system-err><![CDATA[]]></system-err>
</testsuite>
