<?xml version="1.0" encoding="UTF-8"?>
<testsuite name="database.integration.controller.SupplierControllerIT" tests="6" skipped="0" failures="0" errors="0" timestamp="2024-04-05T16:23:47" hostname="LOCALHOST" time="0.064">
  <properties/>
  <testcase name="create()" classname="database.integration.controller.SupplierControllerIT" time="0.009"/>
  <testcase name="registration()" classname="database.integration.controller.SupplierControllerIT" time="0.009"/>
  <testcase name="delete()" classname="database.integration.controller.SupplierControllerIT" time="0.009"/>
  <testcase name="findAll()" classname="database.integration.controller.SupplierControllerIT" time="0.015"/>
  <testcase name="update()" classname="database.integration.controller.SupplierControllerIT" time="0.009"/>
  <testcase name="findById()" classname="database.integration.controller.SupplierControllerIT" time="0.01"/>
  <system-out><![CDATA[2024-04-05T19:23:47.120+03:00  INFO 14360 --- [    Test worker] by.service.SupplierService               : Attempt to save fromSupplierDtoToBase object in method save()
Hibernate: 
    insert 
    into
        suppliers
        (address,e_mail,name,phone_number) 
    values
        (?,?,?,?)
2024-04-05T19:23:47.137+03:00  INFO 14360 --- [    Test worker] by.service.SupplierService               : Attempt to delete Supplier object by your id, in method delete()
Hibernate: 
    select
        s1_0.id,
        s1_0.address,
        s1_0.e_mail,
        s1_0.name,
        s1_0.phone_number 
    from
        suppliers s1_0 
    where
        s1_0.id=?
Hibernate: 
    delete 
    from
        suppliers 
    where
        id=?
2024-04-05T19:23:47.147+03:00  INFO 14360 --- [    Test worker] by.service.SupplierService               : Attempt to extract SupplierDto collection in method findAll()
Hibernate: 
    select
        s1_0.id,
        s1_0.address,
        s1_0.e_mail,
        s1_0.name,
        s1_0.phone_number 
    from
        suppliers s1_0
2024-04-05T19:23:47.163+03:00  INFO 14360 --- [    Test worker] by.service.SupplierService               : Attempt to update email by id for object Supplier in method update()
Hibernate: 
    select
        s1_0.id,
        s1_0.address,
        s1_0.e_mail,
        s1_0.name,
        s1_0.phone_number 
    from
        suppliers s1_0 
    where
        s1_0.id=?
Hibernate: 
    insert 
    into
        suppliers
        (address,e_mail,name,phone_number) 
    values
        (?,?,?,?)
2024-04-05T19:23:47.172+03:00  INFO 14360 --- [    Test worker] by.service.SupplierService               : Attempt to extract SupplierDto object in method findById()
Hibernate: 
    select
        s1_0.id,
        s1_0.address,
        s1_0.e_mail,
        s1_0.name,
        s1_0.phone_number 
    from
        suppliers s1_0 
    where
        s1_0.id=?
]]></system-out>
  <system-err><![CDATA[]]></system-err>
</testsuite>
