<?xml version="1.0" encoding="UTF-8"?>
<testsuite name="database.integration.service.EmployeeServiceIT" tests="8" skipped="0" failures="0" errors="0" timestamp="2024-04-05T16:23:48" hostname="LOCALHOST" time="0.05">
  <properties/>
  <testcase name="delete()" classname="database.integration.service.EmployeeServiceIT" time="0.001"/>
  <testcase name="findPhoneNumbersByOrderByPhoneNumberAsc()" classname="database.integration.service.EmployeeServiceIT" time="0.017"/>
  <testcase name="findAll()" classname="database.integration.service.EmployeeServiceIT" time="0.006"/>
  <testcase name="findById()" classname="database.integration.service.EmployeeServiceIT" time="0.003"/>
  <testcase name="findAllByOrderByNameAsc()" classname="database.integration.service.EmployeeServiceIT" time="0.007"/>
  <testcase name="save()" classname="database.integration.service.EmployeeServiceIT" time="0.004"/>
  <testcase name="findPhoneNumberById()" classname="database.integration.service.EmployeeServiceIT" time="0.005"/>
  <testcase name="updateAddress()" classname="database.integration.service.EmployeeServiceIT" time="0.004"/>
  <system-out><![CDATA[Hibernate: 
    select
        e1_0.phone_number 
    from
        employees e1_0 
    order by
        e1_0.id offset ? rows fetch first ? rows only
2024-04-05T19:23:48.706+03:00  INFO 14360 --- [    Test worker] by.service.EmployeeService               : Attempt to extract PhoneNumbers collection in the form of page in method findAllByOrderByName(): {}
[8(936)-512-38-74, 8(977)-55538-55, 8(936)-512-38-74, 8-992-456-91-00]
8(936)-512-38-74
8(977)-55538-55
8(936)-512-38-74
8-992-456-91-00
Hibernate: 
    select
        e1_0.id,
        e1_0.address,
        e1_0.date_birth,
        e1_0.last_name,
        e1_0.middle_name,
        e1_0.name,
        e1_0.phone_number,
        e1_0.rank_id 
    from
        employees e1_0
Hibernate: 
    select
        r1_0.id,
        r1_0.rank_name,
        r1_0.salary 
    from
        ranks r1_0 
    where
        r1_0.id=?
Hibernate: 
    select
        r1_0.id,
        r1_0.rank_name,
        r1_0.salary 
    from
        ranks r1_0 
    where
        r1_0.id=?
2024-04-05T19:23:48.712+03:00  INFO 14360 --- [    Test worker] by.service.EmployeeService               : Attempt to extract EmployeeDto collection in method findAll()
EmployeeDto(id=1, lastName=Ivanov, name=Oleg, middleName=Ivanovich, dateBirth=1992-11-21, phoneNumber=8-911-432-89-61, address=Moskow, Novyi Arbat 22, kv.2555, rank=Rank(id=1, rankName=MANAGER, salary=80000))
EmployeeDto(id=2, lastName=Sergeev, name=Kirill, middleName=Antonovich, dateBirth=1994-09-11, phoneNumber=8-925-444-89-17, address=Moskow, Komissarov 125, kv.800, rank=Rank(id=2, rankName=EMPLOYEE, salary=50000))
EmployeeDto(id=3, lastName=Eванов, name=Сергей, middleName=Вадимович, dateBirth=1990-05-17, phoneNumber=8-933-555-55-55, address=Владивосток, Красная 54, кв.3421, rank=Rank(id=1, rankName=MANAGER, salary=80000))
EmployeeDto(id=4, lastName=TTT, name=VVV, middleName=FFF, dateBirth=2011-01-01, phoneNumber=888, address=RRR, rank=Rank(id=2, rankName=EMPLOYEE, salary=50000))
EmployeeDto(id=5, lastName=Filatov, name=Evgeniy, middleName=Vasilievich, dateBirth=1994-12-02, phoneNumber=8(936)-512-38-74, address=Ectb, Stroiteley 125, d 14, corp4, kv 98, rank=Rank(id=1, rankName=MANAGER, salary=80000))
EmployeeDto(id=6, lastName=Tolstoy, name=Lev, middleName=Anatolievich, dateBirth=1905-05-19, phoneNumber=8(977)-55538-55, address=SPB, rank=Rank(id=1, rankName=MANAGER, salary=80000))
EmployeeDto(id=7, lastName=Filatov, name=Ivan, middleName=Vasilievich, dateBirth=1975-03-02, phoneNumber=8(936)-512-38-74, address=Ectb, Stroitiley 125, d 14, corp4, kv 98, rank=Rank(id=2, rankName=EMPLOYEE, salary=50000))
EmployeeDto(id=8, lastName=Tunov, name=Vadim, middleName=Sadyikov, dateBirth=1990-03-29, phoneNumber=8-992-456-91-00, address=Vladivostok, veteranov 54,d 6,corp 9, kv 100, rank=Rank(id=2, rankName=EMPLOYEE, salary=50000))
EmployeeDto(id=9, lastName=Tunov, name=Leonid, middleName=Sadyikov, dateBirth=1990-03-29, phoneNumber=8-992-555-10-00, address=Vladivostok, veteranov 54,d 6,corp 9, kv 100, rank=Rank(id=2, rankName=EMPLOYEE, salary=50000))
EmployeeDto(id=11, lastName=Pletnev, name=Dmitriy, middleName=Olegovich, dateBirth=1988-05-05, phoneNumber=8(936)-512-55-99, address=MSO, rank=Rank(id=1, rankName=MANAGER, salary=80000))
2024-04-05T19:23:48.715+03:00  INFO 14360 --- [    Test worker] by.service.EmployeeService               : Attempt to extract EmployeeDto object in method findById()
Hibernate: 
    select
        e1_0.id,
        e1_0.address,
        e1_0.date_birth,
        e1_0.last_name,
        e1_0.middle_name,
        e1_0.name,
        e1_0.phone_number,
        r1_0.id,
        r1_0.rank_name,
        r1_0.salary 
    from
        employees e1_0 
    left join
        ranks r1_0 
            on r1_0.id=e1_0.rank_id 
    where
        e1_0.id=?
Hibernate: 
    select
        e1_0.id,
        e1_0.address,
        e1_0.date_birth,
        e1_0.last_name,
        e1_0.middle_name,
        e1_0.name,
        e1_0.phone_number,
        e1_0.rank_id 
    from
        employees e1_0 
    order by
        e1_0.name,
        e1_0.id offset ? rows fetch first ? rows only
Hibernate: 
    select
        r1_0.id,
        r1_0.rank_name,
        r1_0.salary 
    from
        ranks r1_0 
    where
        r1_0.id=?
2024-04-05T19:23:48.723+03:00  INFO 14360 --- [    Test worker] by.service.EmployeeService               : Attempt to extract EmployeeDto page in method findAllByOrderByName(): {}[EmployeeDto(id=11, lastName=Pletnev, name=Dmitriy, middleName=Olegovich, dateBirth=1988-05-05, phoneNumber=8(936)-512-55-99, address=MSO, rank=Rank(id=1, rankName=MANAGER, salary=80000)), EmployeeDto(id=5, lastName=Filatov, name=Evgeniy, middleName=Vasilievich, dateBirth=1994-12-02, phoneNumber=8(936)-512-38-74, address=Ectb, Stroiteley 125, d 14, corp4, kv 98, rank=Rank(id=1, rankName=MANAGER, salary=80000))]
EmployeeDto(id=11, lastName=Pletnev, name=Dmitriy, middleName=Olegovich, dateBirth=1988-05-05, phoneNumber=8(936)-512-55-99, address=MSO, rank=Rank(id=1, rankName=MANAGER, salary=80000))
EmployeeDto(id=5, lastName=Filatov, name=Evgeniy, middleName=Vasilievich, dateBirth=1994-12-02, phoneNumber=8(936)-512-38-74, address=Ectb, Stroiteley 125, d 14, corp4, kv 98, rank=Rank(id=1, rankName=MANAGER, salary=80000))
Hibernate: 
    select
        r1_0.id,
        r1_0.rank_name,
        r1_0.salary 
    from
        ranks r1_0 
    where
        r1_0.id=?
2024-04-05T19:23:48.727+03:00  INFO 14360 --- [    Test worker] by.service.EmployeeService               : Attempt to save toBaseEmployeeDto object in method save()
Hibernate: 
    insert 
    into
        employees
        (address,date_birth,last_name,middle_name,name,phone_number,rank_id) 
    values
        (?,?,?,?,?,?,?)
Hibernate: 
    select
        e1_0.phone_number 
    from
        employees e1_0 
    where
        e1_0.id=?
Hibernate: 
    update
        employees 
    set
        address=? 
    where
        id=?
2024-04-05T19:23:48.738+03:00  INFO 14360 --- [    Test worker] by.service.EmployeeService               : Attempt to update address in Employee object by your id, in method updateAddress()
]]></system-out>
  <system-err><![CDATA[]]></system-err>
</testsuite>
