<?xml version="1.0" encoding="UTF-8"?>
<testsuite name="database.integration.service.SupplierServiceIT" tests="8" skipped="0" failures="0" errors="0" timestamp="2024-04-05T16:23:48" hostname="LOCALHOST" time="0.029">
  <properties/>
  <testcase name="delete()" classname="database.integration.service.SupplierServiceIT" time="0.001"/>
  <testcase name="findAll()" classname="database.integration.service.SupplierServiceIT" time="0.005"/>
  <testcase name="update()" classname="database.integration.service.SupplierServiceIT" time="0.004"/>
  <testcase name="findById()" classname="database.integration.service.SupplierServiceIT" time="0.003"/>
  <testcase name="updateEmail()" classname="database.integration.service.SupplierServiceIT" time="0.004"/>
  <testcase name="listPhoneNumbers()" classname="database.integration.service.SupplierServiceIT" time="0.003"/>
  <testcase name="save()" classname="database.integration.service.SupplierServiceIT" time="0.002"/>
  <testcase name="listEmailAndPhoneNumber()" classname="database.integration.service.SupplierServiceIT" time="0.003"/>
  <system-out><![CDATA[2024-04-05T19:23:48.770+03:00  INFO 14360 --- [    Test worker] by.service.SupplierService               : Attempt to extract SupplierDto collection in method findAll()
Hibernate: 
    select
        s1_0.id,
        s1_0.address,
        s1_0.e_mail,
        s1_0.name,
        s1_0.phone_number 
    from
        suppliers s1_0
SupplierDto(id=1, name=Horns&&Hoofs, address=Perm, commi 35, email=horn@gmail.com, phoneNumber=8-988-342-65-98)
SupplierDto(id=2, name=Beaks&&Feathers, address=Unknown, email=beak@gmail.com, phoneNumber=1-111-111-11-99)
SupplierDto(id=3, name=Noses&&Tails, address=Kitezh, email=nose@yandex.ru, phoneNumber=8-455-876-23-21)
SupplierDto(id=4, name=Horns&&Hoofs, address=Perm, commi 35, email=horn@gmail.com, phoneNumber=8-988-342-65-11)
SupplierDto(id=5, name=Horns&&Hoofs, address=Perm, commi 35, email=horn@gmail.com, phoneNumber=8-988-342-65-11)
2024-04-05T19:23:48.774+03:00  INFO 14360 --- [    Test worker] by.service.SupplierService               : Attempt to update email by id for object Supplier in method update()
Hibernate: 
    select
        s1_0.id,
        s1_0.address,
        s1_0.e_mail,
        s1_0.name,
        s1_0.phone_number 
    from
        suppliers s1_0 
    where
        s1_0.id=?
Hibernate: 
    insert 
    into
        suppliers
        (address,e_mail,name,phone_number) 
    values
        (?,?,?,?)
2024-04-05T19:23:48.779+03:00  INFO 14360 --- [    Test worker] by.service.SupplierService               : Attempt to extract SupplierDto object in method findById()
Hibernate: 
    select
        s1_0.id,
        s1_0.address,
        s1_0.e_mail,
        s1_0.name,
        s1_0.phone_number 
    from
        suppliers s1_0 
    where
        s1_0.id=?
Hibernate: 
    update
        suppliers 
    set
        e_mail=? 
    where
        id=?
2024-04-05T19:23:48.784+03:00  INFO 14360 --- [    Test worker] by.service.SupplierService               : Attempt to update email by id for object Supplier in method updateEmail()
2024-04-05T19:23:48.784+03:00  INFO 14360 --- [    Test worker] by.service.SupplierService               : Attempt to extract SupplierDto object in method findById()
Hibernate: 
    select
        s1_0.id,
        s1_0.address,
        s1_0.e_mail,
        s1_0.name,
        s1_0.phone_number 
    from
        suppliers s1_0 
    where
        s1_0.id=?
2024-04-05T19:23:48.787+03:00  INFO 14360 --- [    Test worker] by.service.SupplierService               : Attempt to find  phone numbers collection, in method listPhoneNumbers()
Hibernate: 
    select
        s1_0.phone_number 
    from
        suppliers s1_0 
    order by
        s1_0.phone_number
1-111-111-11-99
8-455-876-23-21
8-988-342-65-11
8-988-342-65-11
8-988-342-65-98
2024-04-05T19:23:48.791+03:00  INFO 14360 --- [    Test worker] by.service.SupplierService               : Attempt to save fromSupplierDtoToBase object in method save()
Hibernate: 
    insert 
    into
        suppliers
        (address,e_mail,name,phone_number) 
    values
        (?,?,?,?)
2024-04-05T19:23:48.794+03:00  INFO 14360 --- [    Test worker] by.service.SupplierService               : Attempt to find list of arrays emails and phone numbers in method listEmailAndPhoneNumber()
Hibernate: 
    select
        s1_0.e_mail,
        s1_0.phone_number 
    from
        suppliers s1_0 
    order by
        s1_0.e_mail
[Ljava.lang.Object;@1e0630cc
[Ljava.lang.Object;@29ad358c
[Ljava.lang.Object;@fd42b93
[Ljava.lang.Object;@6639a9f0
[Ljava.lang.Object;@491665ab
]]></system-out>
  <system-err><![CDATA[]]></system-err>
</testsuite>
