<?xml version="1.0" encoding="UTF-8"?>
<testsuite name="database.integration.controller.ProductControllerIT" tests="6" skipped="0" failures="0" errors="0" timestamp="2024-04-05T16:23:47" hostname="LOCALHOST" time="0.08">
  <properties/>
  <testcase name="create()" classname="database.integration.controller.ProductControllerIT" time="0.014"/>
  <testcase name="registration()" classname="database.integration.controller.ProductControllerIT" time="0.002"/>
  <testcase name="delete()" classname="database.integration.controller.ProductControllerIT" time="0.009"/>
  <testcase name="findAll()" classname="database.integration.controller.ProductControllerIT" time="0.026"/>
  <testcase name="update()" classname="database.integration.controller.ProductControllerIT" time="0.002"/>
  <testcase name="findById()" classname="database.integration.controller.ProductControllerIT" time="0.022"/>
  <system-out><![CDATA[2024-04-05T19:23:47.038+03:00  INFO 14360 --- [    Test worker] by.service.ProductService                : ProductService: Attempt to save fromProductDtoToBase object in method save()
Hibernate: 
    insert 
    into
        products
        (category_id,count,name,price_for_one,supplier_id) 
    values
        (?,?,?,?,?)
80 from create Method
2024-04-05T19:23:47.051+03:00  INFO 14360 --- [    Test worker] by.service.ProductService                : ProductService: Attempt to delete Product object by your id, in method delete()
Hibernate: 
    select
        p1_0.id,
        c1_0.id,
        c1_0.category_name,
        p1_0.count,
        p1_0.name,
        p1_0.price_for_one,
        s1_0.id,
        s1_0.address,
        s1_0.e_mail,
        s1_0.name,
        s1_0.phone_number 
    from
        products p1_0 
    left join
        category c1_0 
            on c1_0.id=p1_0.category_id 
    left join
        suppliers s1_0 
            on s1_0.id=p1_0.supplier_id 
    where
        p1_0.id=?
Hibernate: 
    delete 
    from
        products 
    where
        id=?
2024-04-05T19:23:47.061+03:00  INFO 14360 --- [    Test worker] by.service.ProductService                : ProductService: Attempt to extract productDto collection in method findAll()
Hibernate: 
    select
        p1_0.id,
        p1_0.category_id,
        p1_0.count,
        p1_0.name,
        p1_0.price_for_one,
        p1_0.supplier_id 
    from
        products p1_0
Hibernate: 
    select
        c1_0.id,
        c1_0.category_name 
    from
        category c1_0 
    where
        c1_0.id=?
Hibernate: 
    select
        s1_0.id,
        s1_0.address,
        s1_0.e_mail,
        s1_0.name,
        s1_0.phone_number 
    from
        suppliers s1_0 
    where
        s1_0.id=?
Hibernate: 
    select
        c1_0.id,
        c1_0.category_name 
    from
        category c1_0 
    where
        c1_0.id=?
Hibernate: 
    select
        s1_0.id,
        s1_0.address,
        s1_0.e_mail,
        s1_0.name,
        s1_0.phone_number 
    from
        suppliers s1_0 
    where
        s1_0.id=?
Hibernate: 
    select
        c1_0.id,
        c1_0.category_name 
    from
        category c1_0 
    where
        c1_0.id=?
ProductDto(id=2, supplier=Supplier(id=1, name=Horns&&Hoofs, address=Perm, commi 35, email=horn@gmail.com, phoneNumber=8-988-342-65-98), name=horns, count=700, priceForOne=100, category=Category(id=1, categoryName=Питьевая вода))
ProductDto(id=3, supplier=Supplier(id=3, name=Noses&&Tails, address=Kitezh, email=nose@yandex.ru, phoneNumber=8-455-876-23-21), name=Мясо, count=125, priceForOne=500, category=Category(id=3, categoryName=Мясо))
ProductDto(id=1, supplier=Supplier(id=1, name=Horns&&Hoofs, address=Perm, commi 35, email=horn@gmail.com, phoneNumber=8-988-342-65-98), name=Шоколад, count=5000, priceForOne=150, category=Category(id=2, categoryName=Конфеты))
ProductDto(id=5, supplier=Supplier(id=1, name=Horns&&Hoofs, address=Perm, commi 35, email=horn@gmail.com, phoneNumber=8-988-342-65-98), name=Beak, count=1, priceForOne=2, category=Category(id=1, categoryName=Питьевая вода))
ProductDto(id=6, supplier=Supplier(id=1, name=Horns&&Hoofs, address=Perm, commi 35, email=horn@gmail.com, phoneNumber=8-988-342-65-98), name=Торты, count=1, priceForOne=2, category=Category(id=3, categoryName=Мясо))
2024-04-05T19:23:47.091+03:00  INFO 14360 --- [    Test worker] by.service.ProductService                : ProductService: Attempt to extract productDto object in method findById()
Hibernate: 
    select
        p1_0.id,
        c1_0.id,
        c1_0.category_name,
        p1_0.count,
        p1_0.name,
        p1_0.price_for_one,
        s1_0.id,
        s1_0.address,
        s1_0.e_mail,
        s1_0.name,
        s1_0.phone_number 
    from
        products p1_0 
    left join
        category c1_0 
            on c1_0.id=p1_0.category_id 
    left join
        suppliers s1_0 
            on s1_0.id=p1_0.supplier_id 
    where
        p1_0.id=?
2024-04-05T19:23:47.094+03:00  INFO 14360 --- [    Test worker] by.service.CategoryService               : Attempt to extract categoryDto collection in method findAll()
Hibernate: 
    select
        c1_0.id,
        c1_0.category_name 
    from
        category c1_0
2024-04-05T19:23:47.096+03:00  INFO 14360 --- [    Test worker] by.service.SupplierService               : Attempt to extract SupplierDto collection in method findAll()
Hibernate: 
    select
        s1_0.id,
        s1_0.address,
        s1_0.e_mail,
        s1_0.name,
        s1_0.phone_number 
    from
        suppliers s1_0
]]></system-out>
  <system-err><![CDATA[]]></system-err>
</testsuite>
